0 info it worked if it ends with ok
1 verbose cli [ 'C:\\Program Files\\nodejs\\node.exe',
1 verbose cli   'C:\\Program Files\\nodejs\\node_modules\\npm\\bin\\npm-cli.js',
1 verbose cli   'run',
1 verbose cli   'lite' ]
2 info using npm@3.10.10
3 info using node@v6.9.4
4 verbose run-script [ 'prelite', 'lite', 'postlite' ]
5 info lifecycle TypeScript-basic@1.0.0~prelite: TypeScript-basic@1.0.0
6 silly lifecycle TypeScript-basic@1.0.0~prelite: no script for prelite, continuing
7 info lifecycle TypeScript-basic@1.0.0~lite: TypeScript-basic@1.0.0
8 verbose lifecycle TypeScript-basic@1.0.0~lite: unsafe-perm in lifecycle true
9 verbose lifecycle TypeScript-basic@1.0.0~lite: PATH: C:\Users\Saif\AppData\Roaming\nvm\v6.9.4\node_modules\npm\bin\node-gyp-bin;F:\Software Development MeanStack\Doc and Demo\angularjs2\2. TypeScript-Getting Started\TypeScript-basic\node_modules\.bin;C:\Users\Saif\AppData\Roaming\nvm\v6.9.4\node_modules\npm\bin\node-gyp-bin;F:\Software Development MeanStack\Doc and Demo\angularjs2\2. TypeScript-Getting Started\TypeScript-basic\node_modules\.bin;C:\oraclexe\app\oracle\product\10.2.0\server\bin;C:\Program Files (x86)\Intel\iCLS Client\;C:\Program Files\Intel\iCLS Client\;C:\WINDOWS\system32;C:\WINDOWS;C:\WINDOWS\System32\Wbem;C:\WINDOWS\System32\WindowsPowerShell\v1.0\;C:\Program Files\Intel\Intel(R) Management Engine Components\DAL;C:\Program Files\Intel\Intel(R) Management Engine Components\IPT;C:\Program Files (x86)\Intel\Intel(R) Management Engine Components\DAL;C:\Program Files (x86)\Intel\Intel(R) Management Engine Components\IPT;C:\Program Files\Microsoft\Web Platform Installer\;C:\Program Files (x86)\Microsoft ASP.NET\ASP.NET Web Pages\v1.0\;C:\Program Files\Microsoft SQL Server\110\Tools\Binn\;C:\Program Files\Microsoft SQL Server\120\Tools\Binn\;C:\Program Files (x86)\Common Files\lenovo\easyplussdk\bin;%USERPROFILE%\.dnx\bin;C:\Program Files\Microsoft DNX\Dnvm\;C:\Program Files (x86)\Microsoft SQL Server\Client SDK\ODBC\130\Tools\Binn\;C:\Program Files (x86)\Microsoft SQL Server\130\Tools\Binn\;C:\Program Files (x86)\Microsoft SQL Server\130\DTS\Binn\;C:\Program Files (x86)\Microsoft SQL Server\130\Tools\Binn\ManagementStudio\;C:\Program Files\Microsoft SQL Server\Client SDK\ODBC\130\Tools\Binn\;C:\Program Files\Microsoft SQL Server\130\Tools\Binn\;C:\Program Files\Microsoft SQL Server\130\DTS\Binn\;C:\Users\Saif\AppData\Roaming\nvm;C:\Program Files\nodejs;C:\Program Files\TortoiseGit\bin;C:\Program Files\MongoDB\Server\3.4\bin\mongodb.exe;C:\Program Files (x86)\Skype\Phone\;C:\Program Files\Git\cmd;C:\Program Files\MongoDB\Server\3.4\bin;C:\Program Files (x86)\Microsoft VS Code\bin;C:\Program Files (x86)\Git\bin;C:\Program Files (x86)\Git\cmd
10 verbose lifecycle TypeScript-basic@1.0.0~lite: CWD: F:\Software Development MeanStack\Doc and Demo\angularjs2\2. TypeScript-Getting Started\TypeScript-basic
11 silly lifecycle TypeScript-basic@1.0.0~lite: Args: [ '/d /s /c', 'lite-server' ]
12 silly lifecycle TypeScript-basic@1.0.0~lite: Returned: code: 3221225786  signal: null
13 info lifecycle TypeScript-basic@1.0.0~lite: Failed to exec lite script
14 verbose stack Error: TypeScript-basic@1.0.0 lite: `lite-server`
14 verbose stack Exit status 3221225786
14 verbose stack     at EventEmitter.<anonymous> (C:\Users\Saif\AppData\Roaming\nvm\v6.9.4\node_modules\npm\lib\utils\lifecycle.js:255:16)
14 verbose stack     at emitTwo (events.js:106:13)
14 verbose stack     at EventEmitter.emit (events.js:191:7)
14 verbose stack     at ChildProcess.<anonymous> (C:\Users\Saif\AppData\Roaming\nvm\v6.9.4\node_modules\npm\lib\utils\spawn.js:40:14)
14 verbose stack     at emitTwo (events.js:106:13)
14 verbose stack     at ChildProcess.emit (events.js:191:7)
14 verbose stack     at maybeClose (internal/child_process.js:877:16)
14 verbose stack     at Process.ChildProcess._handle.onexit (internal/child_process.js:226:5)
15 verbose pkgid TypeScript-basic@1.0.0
16 verbose cwd F:\Software Development MeanStack\Doc and Demo\angularjs2\2. TypeScript-Getting Started\TypeScript-basic
17 error Windows_NT 10.0.14393
18 error argv "C:\\Program Files\\nodejs\\node.exe" "C:\\Program Files\\nodejs\\node_modules\\npm\\bin\\npm-cli.js" "run" "lite"
19 error node v6.9.4
20 error npm  v3.10.10
21 error code ELIFECYCLE
22 error TypeScript-basic@1.0.0 lite: `lite-server`
22 error Exit status 3221225786
23 error Failed at the TypeScript-basic@1.0.0 lite script 'lite-server'.
23 error Make sure you have the latest version of node.js and npm installed.
23 error If you do, this is most likely a problem with the TypeScript-basic package,
23 error not with npm itself.
23 error Tell the author that this fails on your system:
23 error     lite-server
23 error You can get information on how to open an issue for this project with:
23 error     npm bugs TypeScript-basic
23 error Or if that isn't available, you can get their info via:
23 error     npm owner ls TypeScript-basic
23 error There is likely additional logging output above.
24 verbose exit [ 1, true ]
